2023-10-17 14:50:57.860 SE Asia Standard Time | Q: apa itu asuransi
2023-10-17 14:50:57.860 SE Asia Standard Time | A: Asuransi adalah suatu bentuk perlindungan finansial yang memberikan jaminan kepada pemegang polis atau tertanggung untuk melindungi diri atau harta benda dari risiko tertentu. Dalam hal ini, pemegang polis membayar premi kepada perusahaan asuransi sebagai imbalan untuk perlindungan tersebut. Jika terjadi kejadian yang dijamin oleh polis, perusahaan asuransi akan memberikan ganti rugi atau manfaat sesuai dengan ketentuan yang telah disepakati.
2023-10-17 14:50:57.876 SE Asia Standard Time | Tokens Used: 248
	Prompt Tokens: 126
	Completion Tokens: 122
Successful Requests: 1
Total Cost (USD): $0.000433
2023-10-17 14:50:57.883 SE Asia Standard Time | D: [{"page_content": "untuk melakukan simulasi perhitungan premi diperlukan beberapa parameter yang harus di isi yaitu :\n1. Tipe Kendaraan (TRUCK,MINIBUS,SEDAN,BUS)\n2. Tahun Kendaraan\n3. Plat No\n4. Kode Post\n5. Harga Kendaraan", "metadata": {"title": "Hitung Premi - 1000"}}]
2023-10-17 14:51:42.064 SE Asia Standard Time | Q: apa itu asuransi
2023-10-17 14:51:42.064 SE Asia Standard Time | A: Asuransi adalah suatu bentuk perlindungan finansial yang memberikan kompensasi atau penggantian atas kerugian atau kerusakan yang terjadi pada aset atau kehidupan seseorang. Dalam hal ini, asuransi kendaraan memberikan perlindungan terhadap risiko kerugian atau kerusakan pada kendaraan bermotor.
2023-10-17 14:51:42.064 SE Asia Standard Time | Tokens Used: 211
	Prompt Tokens: 126
	Completion Tokens: 85
Successful Requests: 1
Total Cost (USD): $0.00035900000000000005
2023-10-17 14:51:42.064 SE Asia Standard Time | D: [{"page_content": "untuk melakukan simulasi perhitungan premi diperlukan beberapa parameter yang harus di isi yaitu :\n1. Tipe Kendaraan (TRUCK,MINIBUS,SEDAN,BUS)\n2. Tahun Kendaraan\n3. Plat No\n4. Kode Post\n5. Harga Kendaraan", "metadata": {"title": "Hitung Premi - 1000"}}]
2023-10-17 14:54:39.784 SE Asia Standard Time | Q: apa itu asuransi
2023-10-17 14:54:39.785 SE Asia Standard Time | A: Asuransi adalah suatu bentuk perlindungan keuangan yang memberikan jaminan kepada seseorang atau perusahaan terhadap risiko tertentu. Dalam asuransi, seseorang atau perusahaan membayar premi kepada perusahaan asuransi untuk mendapatkan perlindungan terhadap kerugian atau kerusakan yang mungkin terjadi pada aset atau kehidupannya. Jika terjadi risiko yang dijamin dalam polis asuransi, perusahaan asuransi akan memberikan ganti rugi sesuai dengan ketentuan yang telah disepakati.
2023-10-17 14:54:39.786 SE Asia Standard Time | Tokens Used: 255
	Prompt Tokens: 126
	Completion Tokens: 129
Successful Requests: 1
Total Cost (USD): $0.000447
2023-10-17 14:54:39.786 SE Asia Standard Time | D: [{"page_content": "untuk melakukan simulasi perhitungan premi diperlukan beberapa parameter yang harus di isi yaitu :\n1. Tipe Kendaraan (TRUCK,MINIBUS,SEDAN,BUS)\n2. Tahun Kendaraan\n3. Plat No\n4. Kode Post\n5. Harga Kendaraan", "metadata": {"title": "Hitung Premi - 1000"}}]
2023-10-17 14:58:44.729 SE Asia Standard Time | Q: apa itu asuransi
2023-10-17 14:58:44.730 SE Asia Standard Time | A: Asuransi adalah suatu bentuk perlindungan finansial yang memberikan jaminan penggantian kerugian atau kompensasi atas kerugian yang terjadi pada suatu kejadian yang tidak terduga, seperti kecelakaan, kerusakan, atau kehilangan. Dalam hal ini, pihak yang diasuransikan membayar premi kepada perusahaan asuransi sebagai imbalan atas perlindungan yang diberikan.
2023-10-17 14:58:44.731 SE Asia Standard Time | Tokens Used: 228
	Prompt Tokens: 126
	Completion Tokens: 102
Successful Requests: 1
Total Cost (USD): $0.000393
2023-10-17 14:58:44.733 SE Asia Standard Time | D: [{"page_content": "untuk melakukan simulasi perhitungan premi diperlukan beberapa parameter yang harus di isi yaitu :\n1. Tipe Kendaraan (TRUCK,MINIBUS,SEDAN,BUS)\n2. Tahun Kendaraan\n3. Plat No\n4. Kode Post\n5. Harga Kendaraan", "metadata": {"title": "Hitung Premi - 1000"}}]
2023-10-17 14:59:48.758 SE Asia Standard Time | Q: bagaimana cara menghitung simulasi premi
2023-10-17 14:59:48.758 SE Asia Standard Time | A: Untuk menghitung premi asuransi, Anda perlu memperhatikan beberapa faktor berikut:

1. Tipe Kendaraan: Jenis kendaraan yang akan diasuransikan, seperti TRUCK, MINIBUS, SEDAN, atau BUS.
2. Tahun Kendaraan: Tahun pembuatan kendaraan, karena biasanya premi akan lebih tinggi untuk kendaraan yang lebih tua.
3. Plat No: Nomor plat kendaraan, karena beberapa daerah atau wilayah mungkin memiliki risiko kecelakaan atau pencurian yang lebih tinggi.
4. Kode Post: Kode pos tempat kendaraan biasanya berada, karena risiko kecelakaan atau pencurian juga dapat berbeda di setiap daerah.
5. Harga Kendaraan: Nilai kendaraan yang akan diasuransikan, karena premi biasanya akan berdasarkan nilai tersebut.

Dengan memasukkan informasi-informasi di atas, Anda dapat menggunakan kalkulator atau menghubungi perusahaan asuransi untuk mendapatkan estimasi premi yang harus dibayarkan.
2023-10-17 14:59:48.758 SE Asia Standard Time | Tokens Used: 591
	Prompt Tokens: 334
	Completion Tokens: 257
Successful Requests: 2
Total Cost (USD): $0.0010149999999999998
2023-10-17 14:59:48.758 SE Asia Standard Time | D: [{"page_content": "untuk melakukan simulasi perhitungan premi diperlukan beberapa parameter yang harus di isi yaitu :\n1. Tipe Kendaraan (TRUCK,MINIBUS,SEDAN,BUS)\n2. Tahun Kendaraan\n3. Plat No\n4. Kode Post\n5. Harga Kendaraan", "metadata": {"title": "Hitung Premi - 1000"}}]
2023-10-17 15:01:19.056 SE Asia Standard Time | Q: apa itu rumah sakit planet namek
2023-10-17 15:01:19.056 SE Asia Standard Time | A: Maaf, saya tidak memiliki informasi tentang rumah sakit planet Namek.
2023-10-17 15:01:19.056 SE Asia Standard Time | Tokens Used: 622
	Prompt Tokens: 591
	Completion Tokens: 31
Successful Requests: 2
Total Cost (USD): $0.0009485000000000001
2023-10-17 15:01:19.056 SE Asia Standard Time | D: [{"page_content": "untuk melakukan simulasi perhitungan premi diperlukan beberapa parameter yang harus di isi yaitu :\n1. Tipe Kendaraan (TRUCK,MINIBUS,SEDAN,BUS)\n2. Tahun Kendaraan\n3. Plat No\n4. Kode Post\n5. Harga Kendaraan", "metadata": {"title": "Hitung Premi - 1000"}}]
2023-10-17 15:03:46.256 SE Asia Standard Time | Q: apa itu lksdjfijeer
2023-10-17 15:03:46.256 SE Asia Standard Time | A: Maaf, saya tidak tahu apa itu "lksdjfijeer". Apakah ada yang lain yang bisa saya bantu?
2023-10-17 15:03:46.256 SE Asia Standard Time | Tokens Used: 659
	Prompt Tokens: 621
	Completion Tokens: 38
Successful Requests: 2
Total Cost (USD): $0.0010075000000000001
2023-10-17 15:03:46.273 SE Asia Standard Time | D: [{"page_content": "untuk melakukan simulasi perhitungan premi diperlukan beberapa parameter yang harus di isi yaitu :\n1. Tipe Kendaraan (TRUCK,MINIBUS,SEDAN,BUS)\n2. Tahun Kendaraan\n3. Plat No\n4. Kode Post\n5. Harga Kendaraan", "metadata": {"title": "Hitung Premi - 1000"}}]
2023-10-17 16:07:51.833 SE Asia Standard Time | Q: apa itu kapal nagala
2023-10-17 16:07:51.833 SE Asia Standard Time | A: noinfo
2023-10-17 16:07:51.833 SE Asia Standard Time | Tokens Used: 164
	Prompt Tokens: 161
	Completion Tokens: 3
Successful Requests: 1
Total Cost (USD): $0.0002475
2023-10-17 16:07:51.833 SE Asia Standard Time | D: [{"page_content": "informasi berikut adalah bagimana melakukan perhitungan premi.\nuntuk melakukan simulasi perhitungan premi diperlukan beberapa parameter yang harus di isi yaitu :\n1. Tipe Kendaraan (TRUCK,MINIBUS,SEDAN,BUS)\n2. Tahun Kendaraan\n3. Plat No\n4. Kode Post\n5. Harga Kendaraan\n\njika info tidak berkaitan dengan di atas harap di jawab dengan noinfo", "metadata": {"title": "Hitung Premi - 1000"}}]
2023-10-17 16:07:55.447 SE Asia Standard Time | Q: apa itu kapal nagala
2023-10-17 16:07:55.447 SE Asia Standard Time | A: Maaf, saya tidak memiliki informasi mengenai "kapal nagala".
2023-10-17 16:07:55.447 SE Asia Standard Time | Tokens Used: 1094
	Prompt Tokens: 1077
	Completion Tokens: 17
Successful Requests: 1
Total Cost (USD): $0.0016495
2023-10-17 16:07:55.447 SE Asia Standard Time | D: [{"page_content": "5. Tabrakan atau Benturan adalah kontak fisik antara Kendaraan Bermotor dengan benda lain termasuk hewan, yang berada di luar Kendaraan Bermotor.\n6. Harga Sebenarnya adalah nilai hasil penjualan yang dapat diperoleh atas kendaraan Bermotor dengan merk, tipe, model dan tahun yang sama sebagaimana tercantum pada Polis di pasar bebas sesaat sebelum terjadinya kerugian dan/atau kerusakan.\n7. Kendaraan Bermotor adalah kendaraan roda dua atau lebih yang digerakkan oleh motor atau mekanik lain dan memiliki izin untuk digunakan di jalan umum yang menjadi obyek pertanggungan.\n8. Risiko sendiri atau own risk(OR) adalah jumlah tertentu yang menjadi tanggungan tertanggung untuk setiap kejadian.\n9. SPK merupakan surat perintah kerja yang dikeluarkan oleh Asuransi  kepada nasabah setelah survei klaim dilakukan dan dinyatakan liable untuk dibawa ke bengkel. SPK bisa langsung terbit setelah kendaraan disurvei dan dokumen telah lengkap.", "metadata": {"title": "Knowledgebase - 1000"}}, {"page_content": "8. Marine Cargo Insurance / Asuransi Pengangkutan. Perlindungan pengangkutan barang dari darat, laut, dan udara, baik untuk perorangan, lembaga, atau perusahaan, sesuai dengan risiko dalam polis.\n9. Heavy Equipment Insurance / Asuransi Heavy Equipment. Menawarkan jaminan risiko akibat kerusakan dan atau kerugian pada alat berat sesuai dengan risiko yang ditanggung dalam polis.\"\n10. Fire Insurance / Asuransi Kebakaran. Menjamin kerugian dan/atau kerusakan pada harta benda yang dipertanggungkan akibat kebakaran, petir, ledakan, kejatuhan pesawat terbang, dan asap.\"\n11. Earthquake Insurance / Asuransi Gempa Bumi. Menawarkan jaminan risiko kerugian atau kerusakan pada harta benda yang dipertanggungkan sesuai risiko yang dijamin dalam polis.\"\n12. Industrial All Risk / Asuransi Semua Risiko Industri. Melindungi harta benda atau aset sampai dengan kehilangan keuntungan yang terjadi akibat rusaknya harta benda atau aset yang dijamin dalam polis.\"", "metadata": {"title": "Knowledgebase - 1000"}}, {"page_content": "Ada dua pilihan jaminan dalam asuransi kendaraan bermotor, meliputi:\n1. Comprehensive: Risiko yang dijamin pada penutupan Comprehensive, yaitu kerusakan yang diakibatkan oleh adanya benturan, tabrakan, terbalik, tergelincir, perbuatan jahat, pencurian, dan kebakaran, baik untuk kerugian sebagian maupun kerugian total, selama tidak disebabkan oleh pengecualian pada polis.\n2. Total Loss Only (TLO): Risiko yang dijamin pada penutupan Total Loss Only (TLO), yaitu kerusakan atau kerugian karena suatu peristiwa yang biaya perbaikan, penggantian atau pemulihan ke keadaan semula sesaat sebelum terjadinya kerusakan atau kerugian \u2265 75% dari harga sebenarnya. TLO juga menjamin kerugian apabila kendaraan hilang atau dicuri.\nBerikut ini adalah jaminan perluasan pada kendaraan bermotor:", "metadata": {"title": "Knowledgebase - 1000"}}, {"page_content": "4. Perluasan jaminan gempa pada asuransi kendaraan bermotor: Perluasan jaminan gempa menjamin kerugian dan/atau kerusakan pada kendaraan bermotor yang dipertanggungkan, yang disebabkan oleh tsunami, gempa bumi, dan gunung berapi.\n5. Perluasan jaminan kecelakaan diri pada asuransi kendaraan bermotor: Perluasan jaminan kecelakaan diri menjamin cidera badan atau kematian atau biaya pengobatan terhadap pengemudi dan/atau penumpang di dalam kendaraan bermotor yang secara langsung disebabkan oleh kecelakaan kendaraan bermotor tersebut sebagai akibat risiko yang dijamin polis.\nPembelian polis asuransi akan memerlukan dokumen seperti STNK tertanggung, KTP tertanggung, dan Persetujuan tertanggung melalui formulir SPPA.", "metadata": {"title": "Knowledgebase - 1000"}}]
2023-10-17 16:45:27.949 SE Asia Standard Time | Q: Decide the tone of the text using only one word from one of these tones: Positive, Negative, Neutral, Questions, Offensive, Spam, Sarcasm, Urgency, Constructive Criticism " i do not know"
2023-10-17 16:45:27.966 SE Asia Standard Time | A: The tone of the response is neutral.
2023-10-17 16:45:27.966 SE Asia Standard Time | Tokens Used: 468
	Prompt Tokens: 420
	Completion Tokens: 48
Successful Requests: 2
Total Cost (USD): $0.0007260000000000001
2023-10-17 16:45:27.972 SE Asia Standard Time | D: [{"page_content": "informasi berikut adalah bagimana melakukan perhitungan premi.\nuntuk melakukan simulasi perhitungan premi diperlukan beberapa parameter yang harus di isi yaitu :\n1. Tipe Kendaraan (TRUCK,MINIBUS,SEDAN,BUS)\n2. Tahun Kendaraan\n3. Plat No\n4. Kode Post\n5. Harga Kendaraan\n\njika info tidak berkaitan dengan di atas harap di jawab dengan noinfo", "metadata": {"title": "Hitung Premi - 1000"}}]
2023-10-17 16:46:56.308 SE Asia Standard Time | Q: Decide the tone of the text using only one word from one of these tones: Positive, Negative, Neutral, Questions, Offensive, Spam, Sarcasm, Urgency, Constructive Criticism "Decide the tone of the text using only one word from one of these tones: Positive, Negative, Neutral, Questions, Offensive, Spam, Sarcasm, Urgency, Constructive Criticism "Maaf, saya tidak memiliki informasi mengenai "kapal nagala"""
2023-10-17 16:46:56.324 SE Asia Standard Time | A: I'm sorry, but I don't have any information about "kapal nagala".
2023-10-17 16:46:56.327 SE Asia Standard Time | Tokens Used: 648
	Prompt Tokens: 614
	Completion Tokens: 34
Successful Requests: 2
Total Cost (USD): $0.000989
2023-10-17 16:46:56.329 SE Asia Standard Time | D: [{"page_content": "informasi berikut adalah bagimana melakukan perhitungan premi.\nuntuk melakukan simulasi perhitungan premi diperlukan beberapa parameter yang harus di isi yaitu :\n1. Tipe Kendaraan (TRUCK,MINIBUS,SEDAN,BUS)\n2. Tahun Kendaraan\n3. Plat No\n4. Kode Post\n5. Harga Kendaraan\n\njika info tidak berkaitan dengan di atas harap di jawab dengan noinfo", "metadata": {"title": "Hitung Premi - 1000"}}]
2023-10-17 16:47:25.073 SE Asia Standard Time | Q: Decide the tone of the text using only one word from one of these tones: Positive, Negative, Neutral, Questions, Offensive, Spam, Sarcasm, Urgency, Constructive Criticism "Decide the tone of the text using only one word from one of these tones: Positive, Negative, Neutral, Questions, Offensive, Spam, Sarcasm, Urgency, Constructive Criticism "Maaf, saya tidak memiliki informasi mengenai"
2023-10-17 16:47:25.074 SE Asia Standard Time | A: The tone of the text "Maaf, saya tidak memiliki informasi mengenai" is apologetic.
2023-10-17 16:47:25.074 SE Asia Standard Time | Tokens Used: 764
	Prompt Tokens: 721
	Completion Tokens: 43
Successful Requests: 2
Total Cost (USD): $0.0011675000000000001
2023-10-17 16:47:25.074 SE Asia Standard Time | D: [{"page_content": "informasi berikut adalah bagimana melakukan perhitungan premi.\nuntuk melakukan simulasi perhitungan premi diperlukan beberapa parameter yang harus di isi yaitu :\n1. Tipe Kendaraan (TRUCK,MINIBUS,SEDAN,BUS)\n2. Tahun Kendaraan\n3. Plat No\n4. Kode Post\n5. Harga Kendaraan\n\njika info tidak berkaitan dengan di atas harap di jawab dengan noinfo", "metadata": {"title": "Hitung Premi - 1000"}}]
2023-10-17 16:47:48.138 SE Asia Standard Time | Q: Decide the tone of the text using only one word from one of these tones: Positive, Negative, Neutral, Questions, Offensive, Spam, Sarcasm, Urgency, Constructive Criticism "Decide the tone of the text using only one word from one of these tones: Positive, Negative, "Maaf, saya tidak memiliki informasi mengenai"
2023-10-17 16:47:48.138 SE Asia Standard Time | A: The tone of the text "Maaf, saya tidak memiliki informasi mengenai" is apologetic.
2023-10-17 16:47:48.138 SE Asia Standard Time | Tokens Used: 827
	Prompt Tokens: 784
	Completion Tokens: 43
Successful Requests: 2
Total Cost (USD): $0.001262
2023-10-17 16:47:48.138 SE Asia Standard Time | D: [{"page_content": "informasi berikut adalah bagimana melakukan perhitungan premi.\nuntuk melakukan simulasi perhitungan premi diperlukan beberapa parameter yang harus di isi yaitu :\n1. Tipe Kendaraan (TRUCK,MINIBUS,SEDAN,BUS)\n2. Tahun Kendaraan\n3. Plat No\n4. Kode Post\n5. Harga Kendaraan\n\njika info tidak berkaitan dengan di atas harap di jawab dengan noinfo", "metadata": {"title": "Hitung Premi - 1000"}}]
